[2m2022-04-15 17:41:36.783[0;39m [32m INFO[0;39m [35m58586[0;39m [2m---[0;39m [2m[  restartedMain][0;39m [36mc.H.HappyPetAdoptionApplication         [0;39m [2m:[0;39m Starting HappyPetAdoptionApplication using Java 17.0.1 on YYTTMacBookPro.local with PID 58586 (/Users/yangyangzhao1213/Documents/GitHub/HappyPetAdoption/target/classes started by yangyangzhao1213 in /Users/yangyangzhao1213/Documents/GitHub/HappyPetAdoption)
[2m2022-04-15 17:41:36.784[0;39m [32mDEBUG[0;39m [35m58586[0;39m [2m---[0;39m [2m[  restartedMain][0;39m [36mc.H.HappyPetAdoptionApplication         [0;39m [2m:[0;39m Running with Spring Boot v2.6.6, Spring v5.3.18
[2m2022-04-15 17:41:36.784[0;39m [32m INFO[0;39m [35m58586[0;39m [2m---[0;39m [2m[  restartedMain][0;39m [36mc.H.HappyPetAdoptionApplication         [0;39m [2m:[0;39m The following 1 profile is active: "dev"
[2m2022-04-15 17:41:36.817[0;39m [32m INFO[0;39m [35m58586[0;39m [2m---[0;39m [2m[  restartedMain][0;39m [36m.e.DevToolsPropertyDefaultsPostProcessor[0;39m [2m:[0;39m Devtools property defaults active! Set 'spring.devtools.add-properties' to 'false' to disable
[2m2022-04-15 17:41:36.817[0;39m [32m INFO[0;39m [35m58586[0;39m [2m---[0;39m [2m[  restartedMain][0;39m [36m.e.DevToolsPropertyDefaultsPostProcessor[0;39m [2m:[0;39m For additional web related logging consider setting the 'logging.level.web' property to 'DEBUG'
[2m2022-04-15 17:41:37.324[0;39m [32m INFO[0;39m [35m58586[0;39m [2m---[0;39m [2m[  restartedMain][0;39m [36m.s.d.r.c.RepositoryConfigurationDelegate[0;39m [2m:[0;39m Bootstrapping Spring Data JPA repositories in DEFAULT mode.
[2m2022-04-15 17:41:37.357[0;39m [32m INFO[0;39m [35m58586[0;39m [2m---[0;39m [2m[  restartedMain][0;39m [36m.s.d.r.c.RepositoryConfigurationDelegate[0;39m [2m:[0;39m Finished Spring Data repository scanning in 29 ms. Found 2 JPA repository interfaces.
[2m2022-04-15 17:41:37.648[0;39m [32m INFO[0;39m [35m58586[0;39m [2m---[0;39m [2m[  restartedMain][0;39m [36mo.s.b.w.embedded.tomcat.TomcatWebServer [0;39m [2m:[0;39m Tomcat initialized with port(s): 8080 (http)
[2m2022-04-15 17:41:37.652[0;39m [32m INFO[0;39m [35m58586[0;39m [2m---[0;39m [2m[  restartedMain][0;39m [36mo.apache.catalina.core.StandardService  [0;39m [2m:[0;39m Starting service [Tomcat]
[2m2022-04-15 17:41:37.653[0;39m [32m INFO[0;39m [35m58586[0;39m [2m---[0;39m [2m[  restartedMain][0;39m [36morg.apache.catalina.core.StandardEngine [0;39m [2m:[0;39m Starting Servlet engine: [Apache Tomcat/9.0.60]
[2m2022-04-15 17:41:37.746[0;39m [32m INFO[0;39m [35m58586[0;39m [2m---[0;39m [2m[  restartedMain][0;39m [36morg.apache.jasper.servlet.TldScanner    [0;39m [2m:[0;39m At least one JAR was scanned for TLDs yet contained no TLDs. Enable debug logging for this logger for a complete list of JARs that were scanned but no TLDs were found in them. Skipping unneeded JARs during scanning can improve startup time and JSP compilation time.
[2m2022-04-15 17:41:37.750[0;39m [32m INFO[0;39m [35m58586[0;39m [2m---[0;39m [2m[  restartedMain][0;39m [36mo.a.c.c.C.[Tomcat].[localhost].[/]      [0;39m [2m:[0;39m Initializing Spring embedded WebApplicationContext
[2m2022-04-15 17:41:37.750[0;39m [32m INFO[0;39m [35m58586[0;39m [2m---[0;39m [2m[  restartedMain][0;39m [36mw.s.c.ServletWebServerApplicationContext[0;39m [2m:[0;39m Root WebApplicationContext: initialization completed in 932 ms
[2m2022-04-15 17:41:37.813[0;39m [32m INFO[0;39m [35m58586[0;39m [2m---[0;39m [2m[  restartedMain][0;39m [36mo.hibernate.jpa.internal.util.LogHelper [0;39m [2m:[0;39m HHH000204: Processing PersistenceUnitInfo [name: default]
[2m2022-04-15 17:41:37.832[0;39m [32m INFO[0;39m [35m58586[0;39m [2m---[0;39m [2m[  restartedMain][0;39m [36morg.hibernate.Version                   [0;39m [2m:[0;39m HHH000412: Hibernate ORM core version 5.6.7.Final
[2m2022-04-15 17:41:37.877[0;39m [32m INFO[0;39m [35m58586[0;39m [2m---[0;39m [2m[  restartedMain][0;39m [36mo.hibernate.annotations.common.Version  [0;39m [2m:[0;39m HCANN000001: Hibernate Commons Annotations {5.1.2.Final}
[2m2022-04-15 17:41:37.906[0;39m [32m INFO[0;39m [35m58586[0;39m [2m---[0;39m [2m[  restartedMain][0;39m [36mcom.zaxxer.hikari.HikariDataSource      [0;39m [2m:[0;39m HikariPool-1 - Starting...
[2m2022-04-15 17:41:37.956[0;39m [32m INFO[0;39m [35m58586[0;39m [2m---[0;39m [2m[  restartedMain][0;39m [36mcom.zaxxer.hikari.HikariDataSource      [0;39m [2m:[0;39m HikariPool-1 - Start completed.
[2m2022-04-15 17:41:37.961[0;39m [32m INFO[0;39m [35m58586[0;39m [2m---[0;39m [2m[  restartedMain][0;39m [36morg.hibernate.dialect.Dialect           [0;39m [2m:[0;39m HHH000400: Using dialect: org.hibernate.dialect.MySQL8Dialect
[2m2022-04-15 17:41:38.163[0;39m [32m INFO[0;39m [35m58586[0;39m [2m---[0;39m [2m[  restartedMain][0;39m [36mo.h.e.t.j.p.i.JtaPlatformInitiator      [0;39m [2m:[0;39m HHH000490: Using JtaPlatform implementation: [org.hibernate.engine.transaction.jta.platform.internal.NoJtaPlatform]
[2m2022-04-15 17:41:38.166[0;39m [32m INFO[0;39m [35m58586[0;39m [2m---[0;39m [2m[  restartedMain][0;39m [36mj.LocalContainerEntityManagerFactoryBean[0;39m [2m:[0;39m Initialized JPA EntityManagerFactory for persistence unit 'default'
[2m2022-04-15 17:41:38.354[0;39m [33m WARN[0;39m [35m58586[0;39m [2m---[0;39m [2m[  restartedMain][0;39m [36mJpaBaseConfiguration$JpaWebConfiguration[0;39m [2m:[0;39m spring.jpa.open-in-view is enabled by default. Therefore, database queries may be performed during view rendering. Explicitly configure spring.jpa.open-in-view to disable this warning
[2m2022-04-15 17:41:38.420[0;39m [32m INFO[0;39m [35m58586[0;39m [2m---[0;39m [2m[  restartedMain][0;39m [36mo.s.s.web.DefaultSecurityFilterChain    [0;39m [2m:[0;39m Will not secure any request
[2m2022-04-15 17:41:38.580[0;39m [32m INFO[0;39m [35m58586[0;39m [2m---[0;39m [2m[  restartedMain][0;39m [36mo.s.b.d.a.OptionalLiveReloadServer      [0;39m [2m:[0;39m LiveReload server is running on port 35729
[2m2022-04-15 17:41:38.598[0;39m [32m INFO[0;39m [35m58586[0;39m [2m---[0;39m [2m[  restartedMain][0;39m [36mo.s.b.w.embedded.tomcat.TomcatWebServer [0;39m [2m:[0;39m Tomcat started on port(s): 8080 (http) with context path ''
[2m2022-04-15 17:41:38.604[0;39m [32m INFO[0;39m [35m58586[0;39m [2m---[0;39m [2m[  restartedMain][0;39m [36mc.H.HappyPetAdoptionApplication         [0;39m [2m:[0;39m Started HappyPetAdoptionApplication in 2.071 seconds (JVM running for 2.493)
[2m2022-04-15 17:43:47.347[0;39m [32m INFO[0;39m [35m58586[0;39m [2m---[0;39m [2m[nio-8080-exec-1][0;39m [36mo.a.c.c.C.[Tomcat].[localhost].[/]      [0;39m [2m:[0;39m Initializing Spring DispatcherServlet 'dispatcherServlet'
[2m2022-04-15 17:43:47.348[0;39m [32m INFO[0;39m [35m58586[0;39m [2m---[0;39m [2m[nio-8080-exec-1][0;39m [36mo.s.web.servlet.DispatcherServlet       [0;39m [2m:[0;39m Initializing Servlet 'dispatcherServlet'
[2m2022-04-15 17:43:47.352[0;39m [32m INFO[0;39m [35m58586[0;39m [2m---[0;39m [2m[nio-8080-exec-1][0;39m [36mo.s.web.servlet.DispatcherServlet       [0;39m [2m:[0;39m Completed initialization in 4 ms
[2m2022-04-15 17:46:30.917[0;39m [32m INFO[0;39m [35m58586[0;39m [2m---[0;39m [2m[ionShutdownHook][0;39m [36mj.LocalContainerEntityManagerFactoryBean[0;39m [2m:[0;39m Closing JPA EntityManagerFactory for persistence unit 'default'
[2m2022-04-15 17:46:30.925[0;39m [32m INFO[0;39m [35m58586[0;39m [2m---[0;39m [2m[ionShutdownHook][0;39m [36mcom.zaxxer.hikari.HikariDataSource      [0;39m [2m:[0;39m HikariPool-1 - Shutdown initiated...
[2m2022-04-15 17:46:30.931[0;39m [32m INFO[0;39m [35m58586[0;39m [2m---[0;39m [2m[ionShutdownHook][0;39m [36mcom.zaxxer.hikari.HikariDataSource      [0;39m [2m:[0;39m HikariPool-1 - Shutdown completed.
[2m2022-04-15 17:46:33.760[0;39m [32m INFO[0;39m [35m58783[0;39m [2m---[0;39m [2m[  restartedMain][0;39m [36mc.H.HappyPetAdoptionApplication         [0;39m [2m:[0;39m Starting HappyPetAdoptionApplication using Java 17.0.1 on YYTTMacBookPro.local with PID 58783 (/Users/yangyangzhao1213/Documents/GitHub/HappyPetAdoption/target/classes started by yangyangzhao1213 in /Users/yangyangzhao1213/Documents/GitHub/HappyPetAdoption)
[2m2022-04-15 17:46:33.762[0;39m [32mDEBUG[0;39m [35m58783[0;39m [2m---[0;39m [2m[  restartedMain][0;39m [36mc.H.HappyPetAdoptionApplication         [0;39m [2m:[0;39m Running with Spring Boot v2.6.6, Spring v5.3.18
[2m2022-04-15 17:46:33.763[0;39m [32m INFO[0;39m [35m58783[0;39m [2m---[0;39m [2m[  restartedMain][0;39m [36mc.H.HappyPetAdoptionApplication         [0;39m [2m:[0;39m The following 1 profile is active: "dev"
[2m2022-04-15 17:46:33.801[0;39m [32m INFO[0;39m [35m58783[0;39m [2m---[0;39m [2m[  restartedMain][0;39m [36m.e.DevToolsPropertyDefaultsPostProcessor[0;39m [2m:[0;39m Devtools property defaults active! Set 'spring.devtools.add-properties' to 'false' to disable
[2m2022-04-15 17:46:33.802[0;39m [32m INFO[0;39m [35m58783[0;39m [2m---[0;39m [2m[  restartedMain][0;39m [36m.e.DevToolsPropertyDefaultsPostProcessor[0;39m [2m:[0;39m For additional web related logging consider setting the 'logging.level.web' property to 'DEBUG'
[2m2022-04-15 17:46:34.109[0;39m [32m INFO[0;39m [35m58783[0;39m [2m---[0;39m [2m[  restartedMain][0;39m [36m.s.d.r.c.RepositoryConfigurationDelegate[0;39m [2m:[0;39m Bootstrapping Spring Data JPA repositories in DEFAULT mode.
[2m2022-04-15 17:46:34.130[0;39m [32m INFO[0;39m [35m58783[0;39m [2m---[0;39m [2m[  restartedMain][0;39m [36m.s.d.r.c.RepositoryConfigurationDelegate[0;39m [2m:[0;39m Finished Spring Data repository scanning in 17 ms. Found 2 JPA repository interfaces.
[2m2022-04-15 17:46:34.400[0;39m [32m INFO[0;39m [35m58783[0;39m [2m---[0;39m [2m[  restartedMain][0;39m [36mo.s.b.w.embedded.tomcat.TomcatWebServer [0;39m [2m:[0;39m Tomcat initialized with port(s): 8080 (http)
[2m2022-04-15 17:46:34.404[0;39m [32m INFO[0;39m [35m58783[0;39m [2m---[0;39m [2m[  restartedMain][0;39m [36mo.apache.catalina.core.StandardService  [0;39m [2m:[0;39m Starting service [Tomcat]
[2m2022-04-15 17:46:34.404[0;39m [32m INFO[0;39m [35m58783[0;39m [2m---[0;39m [2m[  restartedMain][0;39m [36morg.apache.catalina.core.StandardEngine [0;39m [2m:[0;39m Starting Servlet engine: [Apache Tomcat/9.0.60]
[2m2022-04-15 17:46:34.518[0;39m [32m INFO[0;39m [35m58783[0;39m [2m---[0;39m [2m[  restartedMain][0;39m [36morg.apache.jasper.servlet.TldScanner    [0;39m [2m:[0;39m At least one JAR was scanned for TLDs yet contained no TLDs. Enable debug logging for this logger for a complete list of JARs that were scanned but no TLDs were found in them. Skipping unneeded JARs during scanning can improve startup time and JSP compilation time.
[2m2022-04-15 17:46:34.524[0;39m [32m INFO[0;39m [35m58783[0;39m [2m---[0;39m [2m[  restartedMain][0;39m [36mo.a.c.c.C.[Tomcat].[localhost].[/]      [0;39m [2m:[0;39m Initializing Spring embedded WebApplicationContext
[2m2022-04-15 17:46:34.524[0;39m [32m INFO[0;39m [35m58783[0;39m [2m---[0;39m [2m[  restartedMain][0;39m [36mw.s.c.ServletWebServerApplicationContext[0;39m [2m:[0;39m Root WebApplicationContext: initialization completed in 722 ms
[2m2022-04-15 17:46:34.595[0;39m [32m INFO[0;39m [35m58783[0;39m [2m---[0;39m [2m[  restartedMain][0;39m [36mo.hibernate.jpa.internal.util.LogHelper [0;39m [2m:[0;39m HHH000204: Processing PersistenceUnitInfo [name: default]
[2m2022-04-15 17:46:34.617[0;39m [32m INFO[0;39m [35m58783[0;39m [2m---[0;39m [2m[  restartedMain][0;39m [36morg.hibernate.Version                   [0;39m [2m:[0;39m HHH000412: Hibernate ORM core version 5.6.7.Final
[2m2022-04-15 17:46:34.665[0;39m [32m INFO[0;39m [35m58783[0;39m [2m---[0;39m [2m[  restartedMain][0;39m [36mo.hibernate.annotations.common.Version  [0;39m [2m:[0;39m HCANN000001: Hibernate Commons Annotations {5.1.2.Final}
[2m2022-04-15 17:46:34.695[0;39m [32m INFO[0;39m [35m58783[0;39m [2m---[0;39m [2m[  restartedMain][0;39m [36mcom.zaxxer.hikari.HikariDataSource      [0;39m [2m:[0;39m HikariPool-1 - Starting...
[2m2022-04-15 17:46:34.751[0;39m [32m INFO[0;39m [35m58783[0;39m [2m---[0;39m [2m[  restartedMain][0;39m [36mcom.zaxxer.hikari.HikariDataSource      [0;39m [2m:[0;39m HikariPool-1 - Start completed.
[2m2022-04-15 17:46:34.759[0;39m [32m INFO[0;39m [35m58783[0;39m [2m---[0;39m [2m[  restartedMain][0;39m [36morg.hibernate.dialect.Dialect           [0;39m [2m:[0;39m HHH000400: Using dialect: org.hibernate.dialect.MySQL8Dialect
[2m2022-04-15 17:46:34.978[0;39m [32m INFO[0;39m [35m58783[0;39m [2m---[0;39m [2m[  restartedMain][0;39m [36mo.h.e.t.j.p.i.JtaPlatformInitiator      [0;39m [2m:[0;39m HHH000490: Using JtaPlatform implementation: [org.hibernate.engine.transaction.jta.platform.internal.NoJtaPlatform]
[2m2022-04-15 17:46:34.981[0;39m [32m INFO[0;39m [35m58783[0;39m [2m---[0;39m [2m[  restartedMain][0;39m [36mj.LocalContainerEntityManagerFactoryBean[0;39m [2m:[0;39m Initialized JPA EntityManagerFactory for persistence unit 'default'
[2m2022-04-15 17:46:35.176[0;39m [33m WARN[0;39m [35m58783[0;39m [2m---[0;39m [2m[  restartedMain][0;39m [36mJpaBaseConfiguration$JpaWebConfiguration[0;39m [2m:[0;39m spring.jpa.open-in-view is enabled by default. Therefore, database queries may be performed during view rendering. Explicitly configure spring.jpa.open-in-view to disable this warning
[2m2022-04-15 17:46:35.255[0;39m [32m INFO[0;39m [35m58783[0;39m [2m---[0;39m [2m[  restartedMain][0;39m [36mo.s.s.web.DefaultSecurityFilterChain    [0;39m [2m:[0;39m Will not secure any request
[2m2022-04-15 17:46:35.436[0;39m [32m INFO[0;39m [35m58783[0;39m [2m---[0;39m [2m[  restartedMain][0;39m [36mo.s.b.d.a.OptionalLiveReloadServer      [0;39m [2m:[0;39m LiveReload server is running on port 35729
[2m2022-04-15 17:46:35.460[0;39m [32m INFO[0;39m [35m58783[0;39m [2m---[0;39m [2m[  restartedMain][0;39m [36mo.s.b.w.embedded.tomcat.TomcatWebServer [0;39m [2m:[0;39m Tomcat started on port(s): 8080 (http) with context path ''
[2m2022-04-15 17:46:35.467[0;39m [32m INFO[0;39m [35m58783[0;39m [2m---[0;39m [2m[  restartedMain][0;39m [36mc.H.HappyPetAdoptionApplication         [0;39m [2m:[0;39m Started HappyPetAdoptionApplication in 1.931 seconds (JVM running for 2.251)
[2m2022-04-15 17:46:38.794[0;39m [32m INFO[0;39m [35m58783[0;39m [2m---[0;39m [2m[nio-8080-exec-1][0;39m [36mo.a.c.c.C.[Tomcat].[localhost].[/]      [0;39m [2m:[0;39m Initializing Spring DispatcherServlet 'dispatcherServlet'
[2m2022-04-15 17:46:38.794[0;39m [32m INFO[0;39m [35m58783[0;39m [2m---[0;39m [2m[nio-8080-exec-1][0;39m [36mo.s.web.servlet.DispatcherServlet       [0;39m [2m:[0;39m Initializing Servlet 'dispatcherServlet'
[2m2022-04-15 17:46:38.795[0;39m [32m INFO[0;39m [35m58783[0;39m [2m---[0;39m [2m[nio-8080-exec-1][0;39m [36mo.s.web.servlet.DispatcherServlet       [0;39m [2m:[0;39m Completed initialization in 1 ms
[2m2022-04-15 17:48:22.157[0;39m [32m INFO[0;39m [35m58783[0;39m [2m---[0;39m [2m[ionShutdownHook][0;39m [36mj.LocalContainerEntityManagerFactoryBean[0;39m [2m:[0;39m Closing JPA EntityManagerFactory for persistence unit 'default'
[2m2022-04-15 17:48:22.160[0;39m [32m INFO[0;39m [35m58783[0;39m [2m---[0;39m [2m[ionShutdownHook][0;39m [36mcom.zaxxer.hikari.HikariDataSource      [0;39m [2m:[0;39m HikariPool-1 - Shutdown initiated...
[2m2022-04-15 17:48:22.163[0;39m [32m INFO[0;39m [35m58783[0;39m [2m---[0;39m [2m[ionShutdownHook][0;39m [36mcom.zaxxer.hikari.HikariDataSource      [0;39m [2m:[0;39m HikariPool-1 - Shutdown completed.
[2m2022-04-15 17:48:24.506[0;39m [32m INFO[0;39m [35m58842[0;39m [2m---[0;39m [2m[  restartedMain][0;39m [36mc.H.HappyPetAdoptionApplication         [0;39m [2m:[0;39m Starting HappyPetAdoptionApplication using Java 17.0.1 on YYTTMacBookPro.local with PID 58842 (/Users/yangyangzhao1213/Documents/GitHub/HappyPetAdoption/target/classes started by yangyangzhao1213 in /Users/yangyangzhao1213/Documents/GitHub/HappyPetAdoption)
[2m2022-04-15 17:48:24.507[0;39m [32mDEBUG[0;39m [35m58842[0;39m [2m---[0;39m [2m[  restartedMain][0;39m [36mc.H.HappyPetAdoptionApplication         [0;39m [2m:[0;39m Running with Spring Boot v2.6.6, Spring v5.3.18
[2m2022-04-15 17:48:24.507[0;39m [32m INFO[0;39m [35m58842[0;39m [2m---[0;39m [2m[  restartedMain][0;39m [36mc.H.HappyPetAdoptionApplication         [0;39m [2m:[0;39m The following 1 profile is active: "dev"
[2m2022-04-15 17:48:24.523[0;39m [32m INFO[0;39m [35m58842[0;39m [2m---[0;39m [2m[  restartedMain][0;39m [36m.e.DevToolsPropertyDefaultsPostProcessor[0;39m [2m:[0;39m Devtools property defaults active! Set 'spring.devtools.add-properties' to 'false' to disable
[2m2022-04-15 17:48:24.523[0;39m [32m INFO[0;39m [35m58842[0;39m [2m---[0;39m [2m[  restartedMain][0;39m [36m.e.DevToolsPropertyDefaultsPostProcessor[0;39m [2m:[0;39m For additional web related logging consider setting the 'logging.level.web' property to 'DEBUG'
[2m2022-04-15 17:48:24.792[0;39m [32m INFO[0;39m [35m58842[0;39m [2m---[0;39m [2m[  restartedMain][0;39m [36m.s.d.r.c.RepositoryConfigurationDelegate[0;39m [2m:[0;39m Bootstrapping Spring Data JPA repositories in DEFAULT mode.
[2m2022-04-15 17:48:24.812[0;39m [32m INFO[0;39m [35m58842[0;39m [2m---[0;39m [2m[  restartedMain][0;39m [36m.s.d.r.c.RepositoryConfigurationDelegate[0;39m [2m:[0;39m Finished Spring Data repository scanning in 17 ms. Found 2 JPA repository interfaces.
[2m2022-04-15 17:48:25.055[0;39m [32m INFO[0;39m [35m58842[0;39m [2m---[0;39m [2m[  restartedMain][0;39m [36mo.s.b.w.embedded.tomcat.TomcatWebServer [0;39m [2m:[0;39m Tomcat initialized with port(s): 8080 (http)
[2m2022-04-15 17:48:25.058[0;39m [32m INFO[0;39m [35m58842[0;39m [2m---[0;39m [2m[  restartedMain][0;39m [36mo.apache.catalina.core.StandardService  [0;39m [2m:[0;39m Starting service [Tomcat]
[2m2022-04-15 17:48:25.058[0;39m [32m INFO[0;39m [35m58842[0;39m [2m---[0;39m [2m[  restartedMain][0;39m [36morg.apache.catalina.core.StandardEngine [0;39m [2m:[0;39m Starting Servlet engine: [Apache Tomcat/9.0.60]
[2m2022-04-15 17:48:25.157[0;39m [32m INFO[0;39m [35m58842[0;39m [2m---[0;39m [2m[  restartedMain][0;39m [36morg.apache.jasper.servlet.TldScanner    [0;39m [2m:[0;39m At least one JAR was scanned for TLDs yet contained no TLDs. Enable debug logging for this logger for a complete list of JARs that were scanned but no TLDs were found in them. Skipping unneeded JARs during scanning can improve startup time and JSP compilation time.
[2m2022-04-15 17:48:25.161[0;39m [32m INFO[0;39m [35m58842[0;39m [2m---[0;39m [2m[  restartedMain][0;39m [36mo.a.c.c.C.[Tomcat].[localhost].[/]      [0;39m [2m:[0;39m Initializing Spring embedded WebApplicationContext
[2m2022-04-15 17:48:25.162[0;39m [32m INFO[0;39m [35m58842[0;39m [2m---[0;39m [2m[  restartedMain][0;39m [36mw.s.c.ServletWebServerApplicationContext[0;39m [2m:[0;39m Root WebApplicationContext: initialization completed in 639 ms
[2m2022-04-15 17:48:25.231[0;39m [32m INFO[0;39m [35m58842[0;39m [2m---[0;39m [2m[  restartedMain][0;39m [36mo.hibernate.jpa.internal.util.LogHelper [0;39m [2m:[0;39m HHH000204: Processing PersistenceUnitInfo [name: default]
[2m2022-04-15 17:48:25.246[0;39m [32m INFO[0;39m [35m58842[0;39m [2m---[0;39m [2m[  restartedMain][0;39m [36morg.hibernate.Version                   [0;39m [2m:[0;39m HHH000412: Hibernate ORM core version 5.6.7.Final
[2m2022-04-15 17:48:25.290[0;39m [32m INFO[0;39m [35m58842[0;39m [2m---[0;39m [2m[  restartedMain][0;39m [36mo.hibernate.annotations.common.Version  [0;39m [2m:[0;39m HCANN000001: Hibernate Commons Annotations {5.1.2.Final}
[2m2022-04-15 17:48:25.321[0;39m [32m INFO[0;39m [35m58842[0;39m [2m---[0;39m [2m[  restartedMain][0;39m [36mcom.zaxxer.hikari.HikariDataSource      [0;39m [2m:[0;39m HikariPool-1 - Starting...
[2m2022-04-15 17:48:25.375[0;39m [32m INFO[0;39m [35m58842[0;39m [2m---[0;39m [2m[  restartedMain][0;39m [36mcom.zaxxer.hikari.HikariDataSource      [0;39m [2m:[0;39m HikariPool-1 - Start completed.
[2m2022-04-15 17:48:25.379[0;39m [32m INFO[0;39m [35m58842[0;39m [2m---[0;39m [2m[  restartedMain][0;39m [36morg.hibernate.dialect.Dialect           [0;39m [2m:[0;39m HHH000400: Using dialect: org.hibernate.dialect.MySQL8Dialect
[2m2022-04-15 17:48:25.580[0;39m [32m INFO[0;39m [35m58842[0;39m [2m---[0;39m [2m[  restartedMain][0;39m [36mo.h.e.t.j.p.i.JtaPlatformInitiator      [0;39m [2m:[0;39m HHH000490: Using JtaPlatform implementation: [org.hibernate.engine.transaction.jta.platform.internal.NoJtaPlatform]
[2m2022-04-15 17:48:25.583[0;39m [32m INFO[0;39m [35m58842[0;39m [2m---[0;39m [2m[  restartedMain][0;39m [36mj.LocalContainerEntityManagerFactoryBean[0;39m [2m:[0;39m Initialized JPA EntityManagerFactory for persistence unit 'default'
[2m2022-04-15 17:48:25.766[0;39m [33m WARN[0;39m [35m58842[0;39m [2m---[0;39m [2m[  restartedMain][0;39m [36mJpaBaseConfiguration$JpaWebConfiguration[0;39m [2m:[0;39m spring.jpa.open-in-view is enabled by default. Therefore, database queries may be performed during view rendering. Explicitly configure spring.jpa.open-in-view to disable this warning
[2m2022-04-15 17:48:25.840[0;39m [32m INFO[0;39m [35m58842[0;39m [2m---[0;39m [2m[  restartedMain][0;39m [36mo.s.s.web.DefaultSecurityFilterChain    [0;39m [2m:[0;39m Will not secure any request
[2m2022-04-15 17:48:26.003[0;39m [32m INFO[0;39m [35m58842[0;39m [2m---[0;39m [2m[  restartedMain][0;39m [36mo.s.b.d.a.OptionalLiveReloadServer      [0;39m [2m:[0;39m LiveReload server is running on port 35729
[2m2022-04-15 17:48:26.023[0;39m [32m INFO[0;39m [35m58842[0;39m [2m---[0;39m [2m[  restartedMain][0;39m [36mo.s.b.w.embedded.tomcat.TomcatWebServer [0;39m [2m:[0;39m Tomcat started on port(s): 8080 (http) with context path ''
[2m2022-04-15 17:48:26.030[0;39m [32m INFO[0;39m [35m58842[0;39m [2m---[0;39m [2m[  restartedMain][0;39m [36mc.H.HappyPetAdoptionApplication         [0;39m [2m:[0;39m Started HappyPetAdoptionApplication in 1.658 seconds (JVM running for 1.904)
[2m2022-04-15 17:48:33.463[0;39m [32m INFO[0;39m [35m58842[0;39m [2m---[0;39m [2m[nio-8080-exec-1][0;39m [36mo.a.c.c.C.[Tomcat].[localhost].[/]      [0;39m [2m:[0;39m Initializing Spring DispatcherServlet 'dispatcherServlet'
[2m2022-04-15 17:48:33.463[0;39m [32m INFO[0;39m [35m58842[0;39m [2m---[0;39m [2m[nio-8080-exec-1][0;39m [36mo.s.web.servlet.DispatcherServlet       [0;39m [2m:[0;39m Initializing Servlet 'dispatcherServlet'
[2m2022-04-15 17:48:33.464[0;39m [32m INFO[0;39m [35m58842[0;39m [2m---[0;39m [2m[nio-8080-exec-1][0;39m [36mo.s.web.servlet.DispatcherServlet       [0;39m [2m:[0;39m Completed initialization in 1 ms
[2m2022-04-15 17:49:35.433[0;39m [32m INFO[0;39m [35m58842[0;39m [2m---[0;39m [2m[ionShutdownHook][0;39m [36mj.LocalContainerEntityManagerFactoryBean[0;39m [2m:[0;39m Closing JPA EntityManagerFactory for persistence unit 'default'
[2m2022-04-15 17:49:35.437[0;39m [32m INFO[0;39m [35m58842[0;39m [2m---[0;39m [2m[ionShutdownHook][0;39m [36mcom.zaxxer.hikari.HikariDataSource      [0;39m [2m:[0;39m HikariPool-1 - Shutdown initiated...
[2m2022-04-15 17:49:35.440[0;39m [32m INFO[0;39m [35m58842[0;39m [2m---[0;39m [2m[ionShutdownHook][0;39m [36mcom.zaxxer.hikari.HikariDataSource      [0;39m [2m:[0;39m HikariPool-1 - Shutdown completed.
[2m2022-04-15 17:49:37.125[0;39m [32m INFO[0;39m [35m58887[0;39m [2m---[0;39m [2m[  restartedMain][0;39m [36mc.H.HappyPetAdoptionApplication         [0;39m [2m:[0;39m Starting HappyPetAdoptionApplication using Java 17.0.1 on YYTTMacBookPro.local with PID 58887 (/Users/yangyangzhao1213/Documents/GitHub/HappyPetAdoption/target/classes started by yangyangzhao1213 in /Users/yangyangzhao1213/Documents/GitHub/HappyPetAdoption)
[2m2022-04-15 17:49:37.127[0;39m [32mDEBUG[0;39m [35m58887[0;39m [2m---[0;39m [2m[  restartedMain][0;39m [36mc.H.HappyPetAdoptionApplication         [0;39m [2m:[0;39m Running with Spring Boot v2.6.6, Spring v5.3.18
[2m2022-04-15 17:49:37.127[0;39m [32m INFO[0;39m [35m58887[0;39m [2m---[0;39m [2m[  restartedMain][0;39m [36mc.H.HappyPetAdoptionApplication         [0;39m [2m:[0;39m The following 1 profile is active: "dev"
[2m2022-04-15 17:49:37.154[0;39m [32m INFO[0;39m [35m58887[0;39m [2m---[0;39m [2m[  restartedMain][0;39m [36m.e.DevToolsPropertyDefaultsPostProcessor[0;39m [2m:[0;39m Devtools property defaults active! Set 'spring.devtools.add-properties' to 'false' to disable
[2m2022-04-15 17:49:37.155[0;39m [32m INFO[0;39m [35m58887[0;39m [2m---[0;39m [2m[  restartedMain][0;39m [36m.e.DevToolsPropertyDefaultsPostProcessor[0;39m [2m:[0;39m For additional web related logging consider setting the 'logging.level.web' property to 'DEBUG'
[2m2022-04-15 17:49:37.661[0;39m [32m INFO[0;39m [35m58887[0;39m [2m---[0;39m [2m[  restartedMain][0;39m [36m.s.d.r.c.RepositoryConfigurationDelegate[0;39m [2m:[0;39m Bootstrapping Spring Data JPA repositories in DEFAULT mode.
[2m2022-04-15 17:49:37.682[0;39m [32m INFO[0;39m [35m58887[0;39m [2m---[0;39m [2m[  restartedMain][0;39m [36m.s.d.r.c.RepositoryConfigurationDelegate[0;39m [2m:[0;39m Finished Spring Data repository scanning in 18 ms. Found 2 JPA repository interfaces.
[2m2022-04-15 17:49:37.931[0;39m [32m INFO[0;39m [35m58887[0;39m [2m---[0;39m [2m[  restartedMain][0;39m [36mo.s.b.w.embedded.tomcat.TomcatWebServer [0;39m [2m:[0;39m Tomcat initialized with port(s): 8080 (http)
[2m2022-04-15 17:49:37.934[0;39m [32m INFO[0;39m [35m58887[0;39m [2m---[0;39m [2m[  restartedMain][0;39m [36mo.apache.catalina.core.StandardService  [0;39m [2m:[0;39m Starting service [Tomcat]
[2m2022-04-15 17:49:37.934[0;39m [32m INFO[0;39m [35m58887[0;39m [2m---[0;39m [2m[  restartedMain][0;39m [36morg.apache.catalina.core.StandardEngine [0;39m [2m:[0;39m Starting Servlet engine: [Apache Tomcat/9.0.60]
[2m2022-04-15 17:49:38.025[0;39m [32m INFO[0;39m [35m58887[0;39m [2m---[0;39m [2m[  restartedMain][0;39m [36morg.apache.jasper.servlet.TldScanner    [0;39m [2m:[0;39m At least one JAR was scanned for TLDs yet contained no TLDs. Enable debug logging for this logger for a complete list of JARs that were scanned but no TLDs were found in them. Skipping unneeded JARs during scanning can improve startup time and JSP compilation time.
[2m2022-04-15 17:49:38.030[0;39m [32m INFO[0;39m [35m58887[0;39m [2m---[0;39m [2m[  restartedMain][0;39m [36mo.a.c.c.C.[Tomcat].[localhost].[/]      [0;39m [2m:[0;39m Initializing Spring embedded WebApplicationContext
[2m2022-04-15 17:49:38.031[0;39m [32m INFO[0;39m [35m58887[0;39m [2m---[0;39m [2m[  restartedMain][0;39m [36mw.s.c.ServletWebServerApplicationContext[0;39m [2m:[0;39m Root WebApplicationContext: initialization completed in 876 ms
[2m2022-04-15 17:49:38.105[0;39m [32m INFO[0;39m [35m58887[0;39m [2m---[0;39m [2m[  restartedMain][0;39m [36mo.hibernate.jpa.internal.util.LogHelper [0;39m [2m:[0;39m HHH000204: Processing PersistenceUnitInfo [name: default]
[2m2022-04-15 17:49:38.126[0;39m [32m INFO[0;39m [35m58887[0;39m [2m---[0;39m [2m[  restartedMain][0;39m [36morg.hibernate.Version                   [0;39m [2m:[0;39m HHH000412: Hibernate ORM core version 5.6.7.Final
[2m2022-04-15 17:49:38.171[0;39m [32m INFO[0;39m [35m58887[0;39m [2m---[0;39m [2m[  restartedMain][0;39m [36mo.hibernate.annotations.common.Version  [0;39m [2m:[0;39m HCANN000001: Hibernate Commons Annotations {5.1.2.Final}
[2m2022-04-15 17:49:38.198[0;39m [32m INFO[0;39m [35m58887[0;39m [2m---[0;39m [2m[  restartedMain][0;39m [36mcom.zaxxer.hikari.HikariDataSource      [0;39m [2m:[0;39m HikariPool-1 - Starting...
[2m2022-04-15 17:49:38.254[0;39m [32m INFO[0;39m [35m58887[0;39m [2m---[0;39m [2m[  restartedMain][0;39m [36mcom.zaxxer.hikari.HikariDataSource      [0;39m [2m:[0;39m HikariPool-1 - Start completed.
[2m2022-04-15 17:49:38.258[0;39m [32m INFO[0;39m [35m58887[0;39m [2m---[0;39m [2m[  restartedMain][0;39m [36morg.hibernate.dialect.Dialect           [0;39m [2m:[0;39m HHH000400: Using dialect: org.hibernate.dialect.MySQL8Dialect
[2m2022-04-15 17:49:38.454[0;39m [32m INFO[0;39m [35m58887[0;39m [2m---[0;39m [2m[  restartedMain][0;39m [36mo.h.e.t.j.p.i.JtaPlatformInitiator      [0;39m [2m:[0;39m HHH000490: Using JtaPlatform implementation: [org.hibernate.engine.transaction.jta.platform.internal.NoJtaPlatform]
[2m2022-04-15 17:49:38.456[0;39m [32m INFO[0;39m [35m58887[0;39m [2m---[0;39m [2m[  restartedMain][0;39m [36mj.LocalContainerEntityManagerFactoryBean[0;39m [2m:[0;39m Initialized JPA EntityManagerFactory for persistence unit 'default'
[2m2022-04-15 17:49:38.633[0;39m [33m WARN[0;39m [35m58887[0;39m [2m---[0;39m [2m[  restartedMain][0;39m [36mJpaBaseConfiguration$JpaWebConfiguration[0;39m [2m:[0;39m spring.jpa.open-in-view is enabled by default. Therefore, database queries may be performed during view rendering. Explicitly configure spring.jpa.open-in-view to disable this warning
[2m2022-04-15 17:49:38.700[0;39m [32m INFO[0;39m [35m58887[0;39m [2m---[0;39m [2m[  restartedMain][0;39m [36mo.s.s.web.DefaultSecurityFilterChain    [0;39m [2m:[0;39m Will not secure any request
[2m2022-04-15 17:49:38.850[0;39m [32m INFO[0;39m [35m58887[0;39m [2m---[0;39m [2m[  restartedMain][0;39m [36mo.s.b.d.a.OptionalLiveReloadServer      [0;39m [2m:[0;39m LiveReload server is running on port 35729
[2m2022-04-15 17:49:38.868[0;39m [32m INFO[0;39m [35m58887[0;39m [2m---[0;39m [2m[  restartedMain][0;39m [36mo.s.b.w.embedded.tomcat.TomcatWebServer [0;39m [2m:[0;39m Tomcat started on port(s): 8080 (http) with context path ''
[2m2022-04-15 17:49:38.873[0;39m [32m INFO[0;39m [35m58887[0;39m [2m---[0;39m [2m[  restartedMain][0;39m [36mc.H.HappyPetAdoptionApplication         [0;39m [2m:[0;39m Started HappyPetAdoptionApplication in 1.957 seconds (JVM running for 2.345)
